
Showing logs for build [32mcb-kubecd-environment-pr-210-7-82kpn-1[0m stage [32mfrom-build-pack[0m and container [32mstep-credential-initializer-splc8[0m
{"level":"info","ts":1588106900.2944276,"logger":"fallback-logger","caller":"logging/config.go:69","msg":"Fetch GitHub commit ID from kodata failed: open /var/run/ko/refs/heads/0.8.0-ns-support: no such file or directory"}
{"level":"info","ts":1588106900.2947683,"logger":"fallback-logger","caller":"creds-init/main.go:40","msg":"Credentials initialized."}

Showing logs for build [32mcb-kubecd-environment-pr-210-7-82kpn-1[0m stage [32mfrom-build-pack[0m and container [32mstep-working-dir-initializer-g85c6[0m
{"level":"info","ts":1588106901.5001574,"logger":"fallback-logger","caller":"logging/config.go:69","msg":"Fetch GitHub commit ID from kodata failed: open /var/run/ko/HEAD: no such file or directory"}
{"level":"info","ts":1588106901.500962,"logger":"fallback-logger","caller":"bash/main.go:64","msg":"Successfully executed command \"sh -c mkdir -p /workspace/source\"; output "}

Showing logs for build [32mcb-kubecd-environment-pr-210-7-82kpn-1[0m stage [32mfrom-build-pack[0m and container [32mstep-place-tools[0m

Showing logs for build [32mcb-kubecd-environment-pr-210-7-82kpn-1[0m stage [32mfrom-build-pack[0m and container [32mstep-git-source-cb-kubecd-environment-pr-210-7-82kpn-ckssm[0m
{"level":"info","ts":1588106921.5467968,"logger":"fallback-logger","caller":"logging/config.go:69","msg":"Fetch GitHub commit ID from kodata failed: open /var/run/ko/refs/heads/0.8.0-ns-support: no such file or directory"}
{"level":"info","ts":1588106921.745528,"logger":"fallback-logger","caller":"git/git.go:103","msg":"Successfully cloned https://github.com/cb-kubecd/environment-pr-210-7-boot-eks-staging.git @ master in path /workspace/source"}

Showing logs for build [32mcb-kubecd-environment-pr-210-7-82kpn-1[0m stage [32mfrom-build-pack[0m and container [32mstep-git-merge[0m
Using SHAs from PULL_REFS=master:f3d53929d43fcad03c3ae7cd767ec27fae7e7cc6,1:2c315bb2e08191dc9c2abf3665a839f5788cefe2
DEBUG: LC_ALL=C JX_LOG_LEVEL=error git fetch origin --unshallow 2c315bb2e08191dc9c2abf3665a839f5788cefe2: f3d53929d43fcad03c3ae7cd767ec27fae7e7cc6:
DEBUG: ran git fetch --unshallow origin 2c315bb2e08191dc9c2abf3665a839f5788cefe2: f3d53929d43fcad03c3ae7cd767ec27fae7e7cc6: in 
DEBUG: LC_ALL=C JX_LOG_LEVEL=error git branch
DEBUG: LC_ALL=C JX_LOG_LEVEL=error git checkout master
DEBUG: ran git checkout master in 
DEBUG: LC_ALL=C JX_LOG_LEVEL=error git reset --hard f3d53929d43fcad03c3ae7cd767ec27fae7e7cc6
DEBUG: ran git reset --hard f3d53929d43fcad03c3ae7cd767ec27fae7e7cc6 in 
DEBUG: LC_ALL=C JX_LOG_LEVEL=error git clean -fd .
DEBUG: ran clean --force -d . in 
DEBUG: LC_ALL=C JX_LOG_LEVEL=error git merge 2c315bb2e08191dc9c2abf3665a839f5788cefe2
DEBUG: ran git merge 2c315bb2e08191dc9c2abf3665a839f5788cefe2 in 
DEBUG: LC_ALL=C JX_LOG_LEVEL=error git log --format=%H%x1f%an%x1f%ae%x1f%cn%x1f%ce%x1f%s%n%b%x1e f3d53929d43fcad03c3ae7cd767ec27fae7e7cc6..HEAD
Merged SHA 2c315bb2e08191dc9c2abf3665a839f5788cefe2 with commit message 'chore: Promote bdd-spring-1588106440 to version 0.0.1' into base branch master

Showing logs for build [32mcb-kubecd-environment-pr-210-7-82kpn-1[0m stage [32mfrom-build-pack[0m and container [32mstep-build-helm-build[0m
WARNING: No $CHART_REPOSITORY defined so using the default value of: http://jenkins-x-chartmuseum:8080
Adding missing Helm repo: storage.googleapis.com https://storage.googleapis.com/chartmuseum.jenkins-x.io
WARNING: No secrets found on "helm/repos" due: reading the secret "helm/repos" from vault: no secret "helm/repos" not found in vault
Read credentials for https://storage.googleapis.com/chartmuseum.jenkins-x.io from vault helm/repos
Successfully added Helm repository storage.googleapis.com.
Adding missing Helm repo: jenkins-x-chartmuseum http://jenkins-x-chartmuseum:8080
WARNING: No secrets found on "helm/repos" due: reading the secret "helm/repos" from vault: no secret "helm/repos" not found in vault
Read credentials for http://jenkins-x-chartmuseum:8080 from vault helm/repos
Successfully added Helm repository jenkins-x-chartmuseum.
WARNING: No $CHART_REPOSITORY defined so using the default value of: http://jenkins-x-chartmuseum:8080
Adding missing Helm repo: chartmuseum.jenkins-x.io http://chartmuseum.jenkins-x.io
WARNING: No secrets found on "helm/repos" due: reading the secret "helm/repos" from vault: no secret "helm/repos" not found in vault
Read credentials for http://chartmuseum.jenkins-x.io from vault helm/repos
Successfully added Helm repository chartmuseum.jenkins-x.io.
