
Showing logs for build [32mcb-kubecd-environment-pr-210-7-fbzfd-1[0m stage [32mfrom-build-pack[0m and container [32mstep-credential-initializer-cvxkw[0m
{"level":"info","ts":1588110796.2325387,"logger":"fallback-logger","caller":"logging/config.go:69","msg":"Fetch GitHub commit ID from kodata failed: open /var/run/ko/refs/heads/0.8.0-ns-support: no such file or directory"}
{"level":"info","ts":1588110796.2328951,"logger":"fallback-logger","caller":"creds-init/main.go:40","msg":"Credentials initialized."}

Showing logs for build [32mcb-kubecd-environment-pr-210-7-fbzfd-1[0m stage [32mfrom-build-pack[0m and container [32mstep-working-dir-initializer-l8vxh[0m
{"level":"info","ts":1588110797.1841705,"logger":"fallback-logger","caller":"logging/config.go:69","msg":"Fetch GitHub commit ID from kodata failed: open /var/run/ko/HEAD: no such file or directory"}
{"level":"info","ts":1588110797.1848953,"logger":"fallback-logger","caller":"bash/main.go:64","msg":"Successfully executed command \"sh -c mkdir -p /workspace/source\"; output "}

Showing logs for build [32mcb-kubecd-environment-pr-210-7-fbzfd-1[0m stage [32mfrom-build-pack[0m and container [32mstep-place-tools[0m

Showing logs for build [32mcb-kubecd-environment-pr-210-7-fbzfd-1[0m stage [32mfrom-build-pack[0m and container [32mstep-git-source-cb-kubecd-environment-pr-210-7-fbzfd-4ppj7[0m
{"level":"info","ts":1588110800.3263476,"logger":"fallback-logger","caller":"logging/config.go:69","msg":"Fetch GitHub commit ID from kodata failed: open /var/run/ko/refs/heads/0.8.0-ns-support: no such file or directory"}
{"level":"info","ts":1588110800.5553887,"logger":"fallback-logger","caller":"git/git.go:103","msg":"Successfully cloned https://github.com/cb-kubecd/environment-pr-210-7-boot-eks-staging.git @ master in path /workspace/source"}

Showing logs for build [32mcb-kubecd-environment-pr-210-7-fbzfd-1[0m stage [32mfrom-build-pack[0m and container [32mstep-git-merge[0m
Using SHAs from PULL_REFS=master:d74e506046d07c840ac484e62a1a8a4b5c1290e9,3:e0c43ff8ad949e8701ae802dfdf872f67be5e80a
DEBUG: LC_ALL=C JX_LOG_LEVEL=error git fetch origin --unshallow e0c43ff8ad949e8701ae802dfdf872f67be5e80a: d74e506046d07c840ac484e62a1a8a4b5c1290e9:
DEBUG: ran git fetch --unshallow origin e0c43ff8ad949e8701ae802dfdf872f67be5e80a: d74e506046d07c840ac484e62a1a8a4b5c1290e9: in 
DEBUG: LC_ALL=C JX_LOG_LEVEL=error git branch
DEBUG: JX_LOG_LEVEL=error LC_ALL=C git checkout master
DEBUG: ran git checkout master in 
DEBUG: LC_ALL=C JX_LOG_LEVEL=error git reset --hard d74e506046d07c840ac484e62a1a8a4b5c1290e9
DEBUG: ran git reset --hard d74e506046d07c840ac484e62a1a8a4b5c1290e9 in 
DEBUG: LC_ALL=C JX_LOG_LEVEL=error git clean -fd .
DEBUG: ran clean --force -d . in 
DEBUG: LC_ALL=C JX_LOG_LEVEL=error git merge e0c43ff8ad949e8701ae802dfdf872f67be5e80a
DEBUG: ran git merge e0c43ff8ad949e8701ae802dfdf872f67be5e80a in 
DEBUG: LC_ALL=C JX_LOG_LEVEL=error git log --format=%H%x1f%an%x1f%ae%x1f%cn%x1f%ce%x1f%s%n%b%x1e d74e506046d07c840ac484e62a1a8a4b5c1290e9..HEAD
Merged SHA e0c43ff8ad949e8701ae802dfdf872f67be5e80a with commit message 'chore: Promote bdd-sbhg-1588108050 to version 0.0.1' into base branch master

Showing logs for build [32mcb-kubecd-environment-pr-210-7-fbzfd-1[0m stage [32mfrom-build-pack[0m and container [32mstep-build-helm-build[0m
WARNING: No $CHART_REPOSITORY defined so using the default value of: http://jenkins-x-chartmuseum:8080
Adding missing Helm repo: storage.googleapis.com https://storage.googleapis.com/chartmuseum.jenkins-x.io
WARNING: No secrets found on "helm/repos" due: reading the secret "helm/repos" from vault: no secret "helm/repos" not found in vault
Read credentials for https://storage.googleapis.com/chartmuseum.jenkins-x.io from vault helm/repos
Successfully added Helm repository storage.googleapis.com.
Adding missing Helm repo: jenkins-x-chartmuseum http://jenkins-x-chartmuseum:8080
WARNING: No secrets found on "helm/repos" due: reading the secret "helm/repos" from vault: no secret "helm/repos" not found in vault
Read credentials for http://jenkins-x-chartmuseum:8080 from vault helm/repos
Successfully added Helm repository jenkins-x-chartmuseum.
WARNING: No $CHART_REPOSITORY defined so using the default value of: http://jenkins-x-chartmuseum:8080
Adding missing Helm repo: chartmuseum.jenkins-x.io http://chartmuseum.jenkins-x.io
WARNING: No secrets found on "helm/repos" due: reading the secret "helm/repos" from vault: no secret "helm/repos" not found in vault
Read credentials for http://chartmuseum.jenkins-x.io from vault helm/repos
Successfully added Helm repository chartmuseum.jenkins-x.io.
