
Showing logs for build [32mcb-kubecd-environment-pr-210-7-2zsl8-1[0m stage [32mfrom-build-pack[0m and container [32mstep-credential-initializer-875d7[0m
{"level":"info","ts":1588108566.7744186,"logger":"fallback-logger","caller":"logging/config.go:69","msg":"Fetch GitHub commit ID from kodata failed: open /var/run/ko/refs/heads/0.8.0-ns-support: no such file or directory"}
{"level":"info","ts":1588108566.7747257,"logger":"fallback-logger","caller":"creds-init/main.go:40","msg":"Credentials initialized."}

Showing logs for build [32mcb-kubecd-environment-pr-210-7-2zsl8-1[0m stage [32mfrom-build-pack[0m and container [32mstep-working-dir-initializer-s427v[0m
{"level":"info","ts":1588108567.7417722,"logger":"fallback-logger","caller":"logging/config.go:69","msg":"Fetch GitHub commit ID from kodata failed: open /var/run/ko/HEAD: no such file or directory"}
{"level":"info","ts":1588108567.7425418,"logger":"fallback-logger","caller":"bash/main.go:64","msg":"Successfully executed command \"sh -c mkdir -p /workspace/source\"; output "}

Showing logs for build [32mcb-kubecd-environment-pr-210-7-2zsl8-1[0m stage [32mfrom-build-pack[0m and container [32mstep-place-tools[0m

Showing logs for build [32mcb-kubecd-environment-pr-210-7-2zsl8-1[0m stage [32mfrom-build-pack[0m and container [32mstep-git-source-cb-kubecd-environment-pr-210-7-2zsl8-fn6n9[0m
{"level":"info","ts":1588108571.8320649,"logger":"fallback-logger","caller":"logging/config.go:69","msg":"Fetch GitHub commit ID from kodata failed: open /var/run/ko/refs/heads/0.8.0-ns-support: no such file or directory"}
{"level":"info","ts":1588108572.027885,"logger":"fallback-logger","caller":"git/git.go:103","msg":"Successfully cloned https://github.com/cb-kubecd/environment-pr-210-7-boot-eks-staging.git @ master in path /workspace/source"}

Showing logs for build [32mcb-kubecd-environment-pr-210-7-2zsl8-1[0m stage [32mfrom-build-pack[0m and container [32mstep-git-merge[0m
Using SHAs from PULL_REFS=master:4907949940be42e4294e01e607b260bdccffe978,2:f355d1416949b324ed2a394ac28797bf2daf69ea
DEBUG: LC_ALL=C JX_LOG_LEVEL=error git fetch origin --unshallow f355d1416949b324ed2a394ac28797bf2daf69ea: 4907949940be42e4294e01e607b260bdccffe978:
DEBUG: ran git fetch --unshallow origin f355d1416949b324ed2a394ac28797bf2daf69ea: 4907949940be42e4294e01e607b260bdccffe978: in 
DEBUG: LC_ALL=C JX_LOG_LEVEL=error git branch
DEBUG: LC_ALL=C JX_LOG_LEVEL=error git checkout master
DEBUG: ran git checkout master in 
DEBUG: LC_ALL=C JX_LOG_LEVEL=error git reset --hard 4907949940be42e4294e01e607b260bdccffe978
DEBUG: ran git reset --hard 4907949940be42e4294e01e607b260bdccffe978 in 
DEBUG: LC_ALL=C JX_LOG_LEVEL=error git clean -fd .
DEBUG: ran clean --force -d . in 
DEBUG: LC_ALL=C JX_LOG_LEVEL=error git merge f355d1416949b324ed2a394ac28797bf2daf69ea
DEBUG: ran git merge f355d1416949b324ed2a394ac28797bf2daf69ea in 
DEBUG: LC_ALL=C JX_LOG_LEVEL=error git log --format=%H%x1f%an%x1f%ae%x1f%cn%x1f%ce%x1f%s%n%b%x1e 4907949940be42e4294e01e607b260bdccffe978..HEAD
Merged SHA f355d1416949b324ed2a394ac28797bf2daf69ea with commit message 'chore: Promote bdd-gh-1588108050 to version 0.0.1' into base branch master

Showing logs for build [32mcb-kubecd-environment-pr-210-7-2zsl8-1[0m stage [32mfrom-build-pack[0m and container [32mstep-build-helm-build[0m
WARNING: No $CHART_REPOSITORY defined so using the default value of: http://jenkins-x-chartmuseum:8080
Adding missing Helm repo: storage.googleapis.com https://storage.googleapis.com/chartmuseum.jenkins-x.io
WARNING: No secrets found on "helm/repos" due: reading the secret "helm/repos" from vault: no secret "helm/repos" not found in vault
Read credentials for https://storage.googleapis.com/chartmuseum.jenkins-x.io from vault helm/repos
Successfully added Helm repository storage.googleapis.com.
Adding missing Helm repo: jenkins-x-chartmuseum http://jenkins-x-chartmuseum:8080
WARNING: No secrets found on "helm/repos" due: reading the secret "helm/repos" from vault: no secret "helm/repos" not found in vault
Read credentials for http://jenkins-x-chartmuseum:8080 from vault helm/repos
Successfully added Helm repository jenkins-x-chartmuseum.
WARNING: No $CHART_REPOSITORY defined so using the default value of: http://jenkins-x-chartmuseum:8080
Adding missing Helm repo: chartmuseum.jenkins-x.io http://chartmuseum.jenkins-x.io
WARNING: No secrets found on "helm/repos" due: reading the secret "helm/repos" from vault: no secret "helm/repos" not found in vault
Read credentials for http://chartmuseum.jenkins-x.io from vault helm/repos
Successfully added Helm repository chartmuseum.jenkins-x.io.
